0 info it worked if it ends with ok
1 verbose cli [ '/usr/local/bin/node', '/usr/local/bin/npm', 'install' ]
2 info using npm@1.3.21
3 info using node@v0.10.24
4 warn package.json dubiduba@0.0.0 No repository field.
5 verbose readDependencies using package.json deps
6 verbose install where, deps [ '/home/edu/my_documents/openshift/dubiduba/dev_dubiduba',
6 verbose install   [ 'express',
6 verbose install     'lodash',
6 verbose install     'mongoose',
6 verbose install     'mongoose-unique-validator',
6 verbose install     'connect-mongo',
6 verbose install     'passport',
6 verbose install     'passport-local',
6 verbose install     'flickr-with-uploads',
6 verbose install     'formidable',
6 verbose install     'ng-breadcrumbs',
6 verbose install     'ejs',
6 verbose install     'grunt',
6 verbose install     'grunt-autoprefixer',
6 verbose install     'grunt-bower-install',
6 verbose install     'grunt-concurrent',
6 verbose install     'grunt-contrib-clean',
6 verbose install     'grunt-contrib-coffee',
6 verbose install     'grunt-contrib-compass',
6 verbose install     'grunt-contrib-concat',
6 verbose install     'grunt-contrib-copy',
6 verbose install     'grunt-contrib-cssmin',
6 verbose install     'grunt-contrib-htmlmin',
6 verbose install     'jpegtran-bin',
6 verbose install     'grunt-contrib-imagemin',
6 verbose install     'grunt-contrib-jshint',
6 verbose install     'grunt-contrib-uglify',
6 verbose install     'grunt-contrib-watch',
6 verbose install     'grunt-google-cdn',
6 verbose install     'grunt-newer',
6 verbose install     'grunt-ngmin',
6 verbose install     'grunt-rev',
6 verbose install     'grunt-svgmin',
6 verbose install     'grunt-usemin',
6 verbose install     'jshint-stylish',
6 verbose install     'load-grunt-tasks',
6 verbose install     'time-grunt',
6 verbose install     'grunt-express-server',
6 verbose install     'grunt-open',
6 verbose install     'connect-livereload',
6 verbose install     'karma-ng-scenario',
6 verbose install     'grunt-karma',
6 verbose install     'karma-firefox-launcher',
6 verbose install     'karma-script-launcher',
6 verbose install     'karma-html2js-preprocessor',
6 verbose install     'karma-jasmine',
6 verbose install     'karma-chrome-launcher',
6 verbose install     'requirejs',
6 verbose install     'karma-requirejs',
6 verbose install     'karma-coffee-preprocessor',
6 verbose install     'karma-phantomjs-launcher',
6 verbose install     'karma',
6 verbose install     'karma-ng-html2js-preprocessor' ] ]
7 info preinstall dubiduba@0.0.0
8 verbose readDependencies using package.json deps
9 verbose cache add [ 'ng-breadcrumbs@~0.0.9', null ]
10 verbose cache add name=undefined spec="ng-breadcrumbs@~0.0.9" args=["ng-breadcrumbs@~0.0.9",null]
11 verbose parsed url { protocol: null,
11 verbose parsed url   slashes: null,
11 verbose parsed url   auth: null,
11 verbose parsed url   host: null,
11 verbose parsed url   port: null,
11 verbose parsed url   hostname: null,
11 verbose parsed url   hash: null,
11 verbose parsed url   search: null,
11 verbose parsed url   query: null,
11 verbose parsed url   pathname: 'ng-breadcrumbs@~0.0.9',
11 verbose parsed url   path: 'ng-breadcrumbs@~0.0.9',
11 verbose parsed url   href: 'ng-breadcrumbs@~0.0.9' }
12 verbose cache add name="ng-breadcrumbs" spec="~0.0.9" args=["ng-breadcrumbs","~0.0.9"]
13 verbose parsed url { protocol: null,
13 verbose parsed url   slashes: null,
13 verbose parsed url   auth: null,
13 verbose parsed url   host: null,
13 verbose parsed url   port: null,
13 verbose parsed url   hostname: null,
13 verbose parsed url   hash: null,
13 verbose parsed url   search: null,
13 verbose parsed url   query: null,
13 verbose parsed url   pathname: '~0.0.9',
13 verbose parsed url   path: '~0.0.9',
13 verbose parsed url   href: '~0.0.9' }
14 verbose addNamed [ 'ng-breadcrumbs', '~0.0.9' ]
15 verbose addNamed [ null, '>=0.0.9-0 <0.1.0-0' ]
16 verbose already installed skipping flickr-with-uploads@* /home/edu/my_documents/openshift/dubiduba/dev_dubiduba
17 verbose already installed skipping ejs@~0.8.4 /home/edu/my_documents/openshift/dubiduba/dev_dubiduba
18 verbose already installed skipping formidable@~1.0.14 /home/edu/my_documents/openshift/dubiduba/dev_dubiduba
19 verbose already installed skipping grunt@~0.4.1 /home/edu/my_documents/openshift/dubiduba/dev_dubiduba
20 verbose already installed skipping grunt-autoprefixer@~0.4.0 /home/edu/my_documents/openshift/dubiduba/dev_dubiduba
21 verbose already installed skipping grunt-bower-install@~0.7.0 /home/edu/my_documents/openshift/dubiduba/dev_dubiduba
22 verbose already installed skipping grunt-concurrent@~0.4.1 /home/edu/my_documents/openshift/dubiduba/dev_dubiduba
23 verbose already installed skipping grunt-contrib-clean@~0.5.0 /home/edu/my_documents/openshift/dubiduba/dev_dubiduba
24 verbose already installed skipping grunt-contrib-coffee@~0.7.0 /home/edu/my_documents/openshift/dubiduba/dev_dubiduba
25 verbose already installed skipping grunt-contrib-compass@~0.6.0 /home/edu/my_documents/openshift/dubiduba/dev_dubiduba
26 verbose already installed skipping grunt-contrib-concat@~0.3.0 /home/edu/my_documents/openshift/dubiduba/dev_dubiduba
27 verbose already installed skipping grunt-contrib-copy@~0.4.1 /home/edu/my_documents/openshift/dubiduba/dev_dubiduba
28 verbose already installed skipping grunt-contrib-cssmin@~0.7.0 /home/edu/my_documents/openshift/dubiduba/dev_dubiduba
29 verbose already installed skipping grunt-contrib-htmlmin@~0.1.3 /home/edu/my_documents/openshift/dubiduba/dev_dubiduba
30 verbose already installed skipping jpegtran-bin@0.2.0 /home/edu/my_documents/openshift/dubiduba/dev_dubiduba
31 verbose already installed skipping grunt-contrib-imagemin@~0.3.0 /home/edu/my_documents/openshift/dubiduba/dev_dubiduba
32 verbose already installed skipping grunt-contrib-jshint@~0.7.1 /home/edu/my_documents/openshift/dubiduba/dev_dubiduba
33 verbose already installed skipping grunt-contrib-uglify@~0.2.0 /home/edu/my_documents/openshift/dubiduba/dev_dubiduba
34 verbose already installed skipping grunt-contrib-watch@~0.5.2 /home/edu/my_documents/openshift/dubiduba/dev_dubiduba
35 verbose already installed skipping grunt-google-cdn@~0.2.0 /home/edu/my_documents/openshift/dubiduba/dev_dubiduba
36 verbose already installed skipping grunt-newer@~0.5.4 /home/edu/my_documents/openshift/dubiduba/dev_dubiduba
37 verbose already installed skipping grunt-ngmin@~0.0.2 /home/edu/my_documents/openshift/dubiduba/dev_dubiduba
38 verbose already installed skipping grunt-rev@~0.1.0 /home/edu/my_documents/openshift/dubiduba/dev_dubiduba
39 verbose already installed skipping grunt-svgmin@~0.2.0 /home/edu/my_documents/openshift/dubiduba/dev_dubiduba
40 verbose already installed skipping grunt-usemin@~2.0.0 /home/edu/my_documents/openshift/dubiduba/dev_dubiduba
41 verbose already installed skipping jshint-stylish@~0.1.3 /home/edu/my_documents/openshift/dubiduba/dev_dubiduba
42 verbose already installed skipping load-grunt-tasks@~0.2.0 /home/edu/my_documents/openshift/dubiduba/dev_dubiduba
43 verbose already installed skipping time-grunt@~0.2.1 /home/edu/my_documents/openshift/dubiduba/dev_dubiduba
44 verbose already installed skipping grunt-express-server@~0.4.5 /home/edu/my_documents/openshift/dubiduba/dev_dubiduba
45 verbose already installed skipping grunt-open@~0.2.0 /home/edu/my_documents/openshift/dubiduba/dev_dubiduba
46 verbose already installed skipping connect-livereload@~0.3.0 /home/edu/my_documents/openshift/dubiduba/dev_dubiduba
47 silly lockFile fbd92b05-ng-breadcrumbs-0-0-9 ng-breadcrumbs@~0.0.9
48 verbose lock ng-breadcrumbs@~0.0.9 /home/edu/.npm/fbd92b05-ng-breadcrumbs-0-0-9.lock
49 verbose already installed skipping karma-ng-scenario@~0.1.0 /home/edu/my_documents/openshift/dubiduba/dev_dubiduba
50 verbose already installed skipping grunt-karma@~0.6.2 /home/edu/my_documents/openshift/dubiduba/dev_dubiduba
51 verbose already installed skipping karma-firefox-launcher@~0.1.3 /home/edu/my_documents/openshift/dubiduba/dev_dubiduba
52 verbose already installed skipping karma-script-launcher@~0.1.0 /home/edu/my_documents/openshift/dubiduba/dev_dubiduba
53 verbose already installed skipping karma-html2js-preprocessor@~0.1.0 /home/edu/my_documents/openshift/dubiduba/dev_dubiduba
54 verbose already installed skipping karma-jasmine@~0.1.5 /home/edu/my_documents/openshift/dubiduba/dev_dubiduba
55 verbose already installed skipping karma-chrome-launcher@~0.1.2 /home/edu/my_documents/openshift/dubiduba/dev_dubiduba
56 verbose already installed skipping requirejs@~2.1.10 /home/edu/my_documents/openshift/dubiduba/dev_dubiduba
57 verbose already installed skipping karma-requirejs@~0.2.1 /home/edu/my_documents/openshift/dubiduba/dev_dubiduba
58 silly addNameRange { name: 'ng-breadcrumbs',
58 silly addNameRange   range: '>=0.0.9-0 <0.1.0-0',
58 silly addNameRange   hasData: false }
59 verbose url raw ng-breadcrumbs
60 verbose url resolving [ 'https://registry.npmjs.org/', './ng-breadcrumbs' ]
61 verbose url resolved https://registry.npmjs.org/ng-breadcrumbs
62 info trying registry request attempt 1 at 18:47:04
63 http GET https://registry.npmjs.org/ng-breadcrumbs
64 verbose already installed skipping karma-coffee-preprocessor@~0.1.2 /home/edu/my_documents/openshift/dubiduba/dev_dubiduba
65 verbose already installed skipping karma-phantomjs-launcher@~0.1.1 /home/edu/my_documents/openshift/dubiduba/dev_dubiduba
66 verbose already installed skipping karma@~0.10.9 /home/edu/my_documents/openshift/dubiduba/dev_dubiduba
67 verbose already installed skipping karma-ng-html2js-preprocessor@~0.1.0 /home/edu/my_documents/openshift/dubiduba/dev_dubiduba
68 verbose already installed skipping express@~3.4.3 /home/edu/my_documents/openshift/dubiduba/dev_dubiduba
69 verbose already installed skipping lodash@~2.4.1 /home/edu/my_documents/openshift/dubiduba/dev_dubiduba
70 verbose already installed skipping mongoose@~3.5.5 /home/edu/my_documents/openshift/dubiduba/dev_dubiduba
71 verbose already installed skipping mongoose-unique-validator@~0.3.0 /home/edu/my_documents/openshift/dubiduba/dev_dubiduba
72 verbose already installed skipping connect-mongo@~0.4.0 /home/edu/my_documents/openshift/dubiduba/dev_dubiduba
73 verbose cache add [ 'passport@latest', null ]
74 verbose cache add name=undefined spec="passport@latest" args=["passport@latest",null]
75 verbose parsed url { protocol: null,
75 verbose parsed url   slashes: null,
75 verbose parsed url   auth: null,
75 verbose parsed url   host: null,
75 verbose parsed url   port: null,
75 verbose parsed url   hostname: null,
75 verbose parsed url   hash: null,
75 verbose parsed url   search: null,
75 verbose parsed url   query: null,
75 verbose parsed url   pathname: 'passport@latest',
75 verbose parsed url   path: 'passport@latest',
75 verbose parsed url   href: 'passport@latest' }
76 verbose cache add name="passport" spec="latest" args=["passport","latest"]
77 verbose parsed url { protocol: null,
77 verbose parsed url   slashes: null,
77 verbose parsed url   auth: null,
77 verbose parsed url   host: null,
77 verbose parsed url   port: null,
77 verbose parsed url   hostname: null,
77 verbose parsed url   hash: null,
77 verbose parsed url   search: null,
77 verbose parsed url   query: null,
77 verbose parsed url   pathname: 'latest',
77 verbose parsed url   path: 'latest',
77 verbose parsed url   href: 'latest' }
78 verbose addNamed [ 'passport', 'latest' ]
79 verbose addNamed [ null, null ]
80 silly lockFile 771f2547-passport-latest passport@latest
81 verbose lock passport@latest /home/edu/.npm/771f2547-passport-latest.lock
82 verbose cache add [ 'passport-local@latest', null ]
83 verbose cache add name=undefined spec="passport-local@latest" args=["passport-local@latest",null]
84 verbose parsed url { protocol: null,
84 verbose parsed url   slashes: null,
84 verbose parsed url   auth: null,
84 verbose parsed url   host: null,
84 verbose parsed url   port: null,
84 verbose parsed url   hostname: null,
84 verbose parsed url   hash: null,
84 verbose parsed url   search: null,
84 verbose parsed url   query: null,
84 verbose parsed url   pathname: 'passport-local@latest',
84 verbose parsed url   path: 'passport-local@latest',
84 verbose parsed url   href: 'passport-local@latest' }
85 verbose cache add name="passport-local" spec="latest" args=["passport-local","latest"]
86 verbose parsed url { protocol: null,
86 verbose parsed url   slashes: null,
86 verbose parsed url   auth: null,
86 verbose parsed url   host: null,
86 verbose parsed url   port: null,
86 verbose parsed url   hostname: null,
86 verbose parsed url   hash: null,
86 verbose parsed url   search: null,
86 verbose parsed url   query: null,
86 verbose parsed url   pathname: 'latest',
86 verbose parsed url   path: 'latest',
86 verbose parsed url   href: 'latest' }
87 verbose addNamed [ 'passport-local', 'latest' ]
88 verbose addNamed [ null, null ]
89 silly lockFile 00a116b3-passport-local-latest passport-local@latest
90 verbose lock passport-local@latest /home/edu/.npm/00a116b3-passport-local-latest.lock
91 info addNameTag [ 'passport', 'latest' ]
92 info addNameTag [ 'passport-local', 'latest' ]
93 verbose url raw passport
94 verbose url resolving [ 'https://registry.npmjs.org/', './passport' ]
95 verbose url resolved https://registry.npmjs.org/passport
96 info trying registry request attempt 1 at 18:47:04
97 verbose etag "8L6H8VS8NBN3NDW5V5V84526C"
98 http GET https://registry.npmjs.org/passport
99 verbose url raw passport-local
100 verbose url resolving [ 'https://registry.npmjs.org/', './passport-local' ]
101 verbose url resolved https://registry.npmjs.org/passport-local
102 info trying registry request attempt 1 at 18:47:04
103 verbose etag "AHDRF0R3SG77JGKDI8VEL3I4A"
104 http GET https://registry.npmjs.org/passport-local
105 http 200 https://registry.npmjs.org/passport
106 silly registry.get cb [ 200,
106 silly registry.get   { date: 'Sun, 27 Apr 2014 16:47:05 GMT',
106 silly registry.get     server: 'CouchDB/1.5.0 (Erlang OTP/R16B)',
106 silly registry.get     etag: '"2A8Y7VATFD3T6BGL60PROOHR7"',
106 silly registry.get     'content-type': 'application/json',
106 silly registry.get     via: '1.1 varnish',
106 silly registry.get     'cache-control': 'max-age=1',
106 silly registry.get     'content-length': '31242',
106 silly registry.get     'accept-ranges': 'bytes',
106 silly registry.get     age: '884',
106 silly registry.get     'x-served-by': 'cache-v41-ASH, cache-lcy1125-LCY',
106 silly registry.get     'x-cache': 'HIT, MISS',
106 silly registry.get     'x-cache-hits': '1, 0',
106 silly registry.get     'x-timer': 'S1398616340.469938278,VS0,VS38,VE120,VE884555',
106 silly registry.get     vary: 'Accept',
106 silly registry.get     'keep-alive': 'timeout=10, max=50',
106 silly registry.get     connection: 'Keep-Alive' } ]
107 http 404 https://registry.npmjs.org/ng-breadcrumbs
108 silly registry.get cb [ 404,
108 silly registry.get   { date: 'Sun, 27 Apr 2014 16:47:05 GMT',
108 silly registry.get     server: 'CouchDB/1.5.0 (Erlang OTP/R14B04)',
108 silly registry.get     'content-type': 'application/json',
108 silly registry.get     'accept-ranges': 'bytes',
108 silly registry.get     via: '1.1 varnish',
108 silly registry.get     'cache-control': 'max-age=0',
108 silly registry.get     'content-length': '52',
108 silly registry.get     'x-served-by': 'cache-v41-ASH, cache-lcy1125-LCY',
108 silly registry.get     'x-cache': 'MISS, MISS',
108 silly registry.get     'x-cache-hits': '0, 0',
108 silly registry.get     'x-timer': 'S1398617225.103770256,VS0,VS38,VE137,VE176',
108 silly registry.get     'keep-alive': 'timeout=10, max=50',
108 silly registry.get     connection: 'Keep-Alive' } ]
109 silly lockFile fbd92b05-ng-breadcrumbs-0-0-9 ng-breadcrumbs@~0.0.9
110 silly lockFile fbd92b05-ng-breadcrumbs-0-0-9 ng-breadcrumbs@~0.0.9
111 error 404 'ng-breadcrumbs' is not in the npm registry.
111 error 404 You should bug the author to publish it
111 error 404
111 error 404 Note that you can also install from a
111 error 404 tarball, folder, or http url, or git url.
112 error System Linux 3.8.0-35-generic
113 error command "/usr/local/bin/node" "/usr/local/bin/npm" "install"
114 error cwd /home/edu/my_documents/openshift/dubiduba/dev_dubiduba
115 error node -v v0.10.24
116 error npm -v 1.3.21
117 error code E404
118 verbose exit [ 1, true ]
